mode: set
Project/CarDealearship/handlers/handler.go:17.34,19.2 1 0
Project/CarDealearship/handlers/handler.go:26.66,30.16 3 0
Project/CarDealearship/handlers/handler.go:37.2,37.18 1 0
Project/CarDealearship/handlers/handler.go:30.16,35.3 1 0
Project/CarDealearship/handlers/handler.go:41.69,46.16 4 0
Project/CarDealearship/handlers/handler.go:50.2,51.16 2 0
Project/CarDealearship/handlers/handler.go:55.2,57.15 2 0
Project/CarDealearship/handlers/handler.go:46.16,48.3 1 0
Project/CarDealearship/handlers/handler.go:51.16,53.3 1 0
Project/CarDealearship/handlers/handler.go:61.65,63.39 2 0
Project/CarDealearship/handlers/handler.go:68.2,69.16 2 0
Project/CarDealearship/handlers/handler.go:73.2,73.18 1 0
Project/CarDealearship/handlers/handler.go:63.39,66.3 2 0
Project/CarDealearship/handlers/handler.go:69.16,71.3 1 0
Project/CarDealearship/handlers/handler.go:77.65,79.14 2 0
Project/CarDealearship/handlers/handler.go:83.2,84.39 2 0
Project/CarDealearship/handlers/handler.go:89.2,90.16 2 0
Project/CarDealearship/handlers/handler.go:94.2,94.17 1 0
Project/CarDealearship/handlers/handler.go:79.14,81.3 1 0
Project/CarDealearship/handlers/handler.go:84.39,87.3 2 0
Project/CarDealearship/handlers/handler.go:90.16,92.3 1 0
Project/CarDealearship/handlers/handler.go:98.65,100.14 2 0
Project/CarDealearship/handlers/handler.go:104.2,104.50 1 0
Project/CarDealearship/handlers/handler.go:108.2,108.36 1 0
Project/CarDealearship/handlers/handler.go:100.14,102.3 1 0
Project/CarDealearship/handlers/handler.go:104.50,106.3 1 0
Project/CarDealearship/stores/car/store.go:13.18,15.2 1 1
Project/CarDealearship/stores/car/store.go:18.77,25.16 4 1
Project/CarDealearship/stores/car/store.go:29.2,29.15 1 1
Project/CarDealearship/stores/car/store.go:25.16,27.3 1 1
Project/CarDealearship/stores/car/store.go:33.86,37.16 3 1
Project/CarDealearship/stores/car/store.go:41.2,41.15 1 1
Project/CarDealearship/stores/car/store.go:45.2,45.18 1 1
Project/CarDealearship/stores/car/store.go:56.2,57.16 2 1
Project/CarDealearship/stores/car/store.go:61.2,61.17 1 1
Project/CarDealearship/stores/car/store.go:37.16,39.3 1 1
Project/CarDealearship/stores/car/store.go:41.15,43.3 1 1
Project/CarDealearship/stores/car/store.go:45.18,49.17 3 1
Project/CarDealearship/stores/car/store.go:53.3,53.23 1 1
Project/CarDealearship/stores/car/store.go:49.17,51.4 1 1
Project/CarDealearship/stores/car/store.go:57.16,59.3 1 1
Project/CarDealearship/stores/car/store.go:65.82,68.16 2 1
Project/CarDealearship/stores/car/store.go:72.2,72.18 1 1
Project/CarDealearship/stores/car/store.go:68.16,70.3 1 1
Project/CarDealearship/stores/car/store.go:76.62,79.16 3 1
Project/CarDealearship/stores/car/store.go:83.2,83.12 1 1
Project/CarDealearship/stores/car/store.go:79.16,81.3 1 1
Project/CarDealearship/stores/car/store.go:87.93,90.16 2 1
Project/CarDealearship/stores/car/store.go:94.2,94.18 1 1
Project/CarDealearship/stores/car/store.go:90.16,92.3 1 1
Project/CarDealearship/stores/engine/store.go:15.24,17.2 1 1
Project/CarDealearship/stores/engine/store.go:20.89,25.16 3 1
Project/CarDealearship/stores/engine/store.go:29.2,29.15 1 1
Project/CarDealearship/stores/engine/store.go:25.16,27.3 1 1
Project/CarDealearship/stores/engine/store.go:33.100,38.16 3 1
Project/CarDealearship/stores/engine/store.go:42.2,42.21 1 1
Project/CarDealearship/stores/engine/store.go:38.16,40.3 1 1
Project/CarDealearship/stores/engine/store.go:46.71,48.16 2 1
Project/CarDealearship/stores/engine/store.go:52.2,52.12 1 1
Project/CarDealearship/stores/engine/store.go:48.16,50.3 1 1
Project/CarDealearship/stores/engine/store.go:56.111,59.16 2 1
Project/CarDealearship/stores/engine/store.go:63.2,65.21 2 1
Project/CarDealearship/stores/engine/store.go:59.16,61.3 1 1
Project/CarDealearship/service/service.go:21.49,23.2 1 1
Project/CarDealearship/service/service.go:26.82,27.29 1 1
Project/CarDealearship/service/service.go:31.2,32.16 2 1
Project/CarDealearship/service/service.go:36.2,37.16 2 1
Project/CarDealearship/service/service.go:41.2,43.15 2 1
Project/CarDealearship/service/service.go:27.29,29.3 1 1
Project/CarDealearship/service/service.go:32.16,34.3 1 1
Project/CarDealearship/service/service.go:37.16,39.3 1 1
Project/CarDealearship/service/service.go:47.105,50.14 2 1
Project/CarDealearship/service/service.go:55.2,55.16 1 1
Project/CarDealearship/service/service.go:59.2,59.17 1 1
Project/CarDealearship/service/service.go:50.14,51.33 1 1
Project/CarDealearship/service/service.go:51.33,53.4 1 1
Project/CarDealearship/service/service.go:55.16,57.3 1 1
Project/CarDealearship/service/service.go:63.87,66.40 2 1
Project/CarDealearship/service/service.go:70.2,71.16 2 1
Project/CarDealearship/service/service.go:75.2,79.16 4 1
Project/CarDealearship/service/service.go:83.2,83.15 1 1
Project/CarDealearship/service/service.go:66.40,68.3 1 1
Project/CarDealearship/service/service.go:71.16,73.3 1 1
Project/CarDealearship/service/service.go:79.16,81.3 1 1
Project/CarDealearship/service/service.go:87.98,89.16 2 1
Project/CarDealearship/service/service.go:93.2,94.16 2 1
Project/CarDealearship/service/service.go:98.2,101.15 3 1
Project/CarDealearship/service/service.go:89.16,91.3 1 1
Project/CarDealearship/service/service.go:94.16,96.3 1 1
Project/CarDealearship/service/service.go:105.67,106.29 1 1
Project/CarDealearship/service/service.go:110.2,111.16 2 1
Project/CarDealearship/service/service.go:115.2,116.16 2 1
Project/CarDealearship/service/service.go:120.2,120.12 1 1
Project/CarDealearship/service/service.go:106.29,108.3 1 1
Project/CarDealearship/service/service.go:111.16,113.3 1 1
Project/CarDealearship/service/service.go:116.16,118.3 1 1
Project/CarDealearship/service/service.go:124.46,128.24 3 1
Project/CarDealearship/service/service.go:135.2,135.30 1 1
Project/CarDealearship/service/service.go:140.2,140.12 1 1
Project/CarDealearship/service/service.go:128.24,129.29 1 1
Project/CarDealearship/service/service.go:129.29,131.9 2 1
Project/CarDealearship/service/service.go:135.30,138.3 2 1
Project/CarDealearship/service/service.go:144.45,148.26 3 1
Project/CarDealearship/service/service.go:155.2,155.33 1 1
Project/CarDealearship/service/service.go:160.2,160.12 1 1
Project/CarDealearship/service/service.go:148.26,149.34 1 1
Project/CarDealearship/service/service.go:149.34,151.9 2 1
Project/CarDealearship/service/service.go:155.33,158.3 2 1
Project/CarDealearship/service/service.go:164.44,166.37 2 1
Project/CarDealearship/service/service.go:170.2,170.12 1 1
Project/CarDealearship/service/service.go:166.37,168.3 1 1
Project/CarDealearship/service/service.go:174.52,180.2 4 1
Project/CarDealearship/service/mock_interface.go:27.53,31.2 3 0
Project/CarDealearship/service/mock_interface.go:34.51,36.2 1 0
Project/CarDealearship/service/mock_interface.go:39.83,45.2 5 0
Project/CarDealearship/service/mock_interface.go:48.75,51.2 2 0
Project/CarDealearship/service/mock_interface.go:54.63,59.2 4 0
Project/CarDealearship/service/mock_interface.go:62.74,65.2 2 0
Project/CarDealearship/service/mock_interface.go:68.101,74.2 5 0
Project/CarDealearship/service/mock_interface.go:77.91,80.2 2 0
Project/CarDealearship/service/mock_interface.go:83.78,89.2 5 0
Project/CarDealearship/service/mock_interface.go:92.75,95.2 2 0
Project/CarDealearship/service/mock_interface.go:98.94,104.2 5 0
Project/CarDealearship/service/mock_interface.go:107.79,110.2 2 0
