mode: set
Project/CarDealearship/stores/engine/store.go:14.24,16.2 1 1
Project/CarDealearship/stores/engine/store.go:19.89,24.16 3 1
Project/CarDealearship/stores/engine/store.go:28.2,28.15 1 1
Project/CarDealearship/stores/engine/store.go:24.16,26.3 1 1
Project/CarDealearship/stores/engine/store.go:32.100,37.16 3 1
Project/CarDealearship/stores/engine/store.go:41.2,41.21 1 1
Project/CarDealearship/stores/engine/store.go:37.16,39.3 1 1
Project/CarDealearship/stores/engine/store.go:45.88,47.16 2 1
Project/CarDealearship/stores/engine/store.go:51.2,51.29 1 1
Project/CarDealearship/stores/engine/store.go:47.16,49.3 1 1
Project/CarDealearship/stores/engine/store.go:55.111,58.16 2 1
Project/CarDealearship/stores/engine/store.go:62.2,64.21 2 1
Project/CarDealearship/stores/engine/store.go:58.16,60.3 1 1
