mode: set
Project/CarDealearship/service/car/service.go:21.49,23.2 1 1
Project/CarDealearship/service/car/service.go:26.82,27.29 1 1
Project/CarDealearship/service/car/service.go:31.2,32.16 2 1
Project/CarDealearship/service/car/service.go:36.2,37.16 2 1
Project/CarDealearship/service/car/service.go:41.2,43.15 2 1
Project/CarDealearship/service/car/service.go:27.29,29.3 1 1
Project/CarDealearship/service/car/service.go:32.16,34.3 1 1
Project/CarDealearship/service/car/service.go:37.16,39.3 1 1
Project/CarDealearship/service/car/service.go:47.105,50.14 2 1
Project/CarDealearship/service/car/service.go:55.2,55.16 1 1
Project/CarDealearship/service/car/service.go:59.2,59.17 1 1
Project/CarDealearship/service/car/service.go:50.14,51.33 1 1
Project/CarDealearship/service/car/service.go:51.33,53.4 1 1
Project/CarDealearship/service/car/service.go:55.16,57.3 1 1
Project/CarDealearship/service/car/service.go:63.87,66.40 2 1
Project/CarDealearship/service/car/service.go:70.2,71.16 2 1
Project/CarDealearship/service/car/service.go:75.2,79.16 4 1
Project/CarDealearship/service/car/service.go:83.2,83.15 1 1
Project/CarDealearship/service/car/service.go:66.40,68.3 1 1
Project/CarDealearship/service/car/service.go:71.16,73.3 1 1
Project/CarDealearship/service/car/service.go:79.16,81.3 1 1
Project/CarDealearship/service/car/service.go:87.98,89.16 2 1
Project/CarDealearship/service/car/service.go:93.2,94.16 2 1
Project/CarDealearship/service/car/service.go:98.2,101.15 3 1
Project/CarDealearship/service/car/service.go:89.16,91.3 1 1
Project/CarDealearship/service/car/service.go:94.16,96.3 1 1
Project/CarDealearship/service/car/service.go:105.67,106.29 1 1
Project/CarDealearship/service/car/service.go:110.2,111.16 2 1
Project/CarDealearship/service/car/service.go:115.2,116.16 2 1
Project/CarDealearship/service/car/service.go:120.2,120.12 1 1
Project/CarDealearship/service/car/service.go:106.29,108.3 1 1
Project/CarDealearship/service/car/service.go:111.16,113.3 1 1
Project/CarDealearship/service/car/service.go:116.16,118.3 1 1
Project/CarDealearship/service/car/service.go:124.46,128.24 3 1
Project/CarDealearship/service/car/service.go:135.2,135.30 1 1
Project/CarDealearship/service/car/service.go:140.2,140.12 1 1
Project/CarDealearship/service/car/service.go:128.24,129.29 1 1
Project/CarDealearship/service/car/service.go:129.29,131.9 2 1
Project/CarDealearship/service/car/service.go:135.30,138.3 2 1
Project/CarDealearship/service/car/service.go:144.45,148.26 3 1
Project/CarDealearship/service/car/service.go:155.2,155.33 1 1
Project/CarDealearship/service/car/service.go:160.2,160.12 1 1
Project/CarDealearship/service/car/service.go:148.26,149.34 1 1
Project/CarDealearship/service/car/service.go:149.34,151.9 2 1
Project/CarDealearship/service/car/service.go:155.33,158.3 2 1
Project/CarDealearship/service/car/service.go:164.44,166.37 2 1
Project/CarDealearship/service/car/service.go:170.2,170.12 1 1
Project/CarDealearship/service/car/service.go:166.37,168.3 1 1
Project/CarDealearship/service/car/service.go:174.52,180.2 4 1
