mode: set
Project/CarDealearship/stores/car/store.go:12.18,14.2 1 1
Project/CarDealearship/stores/car/store.go:17.77,24.16 4 1
Project/CarDealearship/stores/car/store.go:28.2,28.15 1 1
Project/CarDealearship/stores/car/store.go:24.16,26.3 1 1
Project/CarDealearship/stores/car/store.go:32.86,36.16 3 1
Project/CarDealearship/stores/car/store.go:40.2,40.15 1 1
Project/CarDealearship/stores/car/store.go:44.2,44.18 1 1
Project/CarDealearship/stores/car/store.go:55.2,56.16 2 1
Project/CarDealearship/stores/car/store.go:60.2,60.17 1 1
Project/CarDealearship/stores/car/store.go:36.16,38.3 1 1
Project/CarDealearship/stores/car/store.go:40.15,42.3 1 1
Project/CarDealearship/stores/car/store.go:44.18,48.17 3 1
Project/CarDealearship/stores/car/store.go:52.3,52.23 1 1
Project/CarDealearship/stores/car/store.go:48.17,50.4 1 1
Project/CarDealearship/stores/car/store.go:56.16,58.3 1 1
Project/CarDealearship/stores/car/store.go:64.82,67.16 2 1
Project/CarDealearship/stores/car/store.go:71.2,71.18 1 1
Project/CarDealearship/stores/car/store.go:67.16,69.3 1 1
Project/CarDealearship/stores/car/store.go:75.76,77.16 2 1
Project/CarDealearship/stores/car/store.go:81.2,81.26 1 1
Project/CarDealearship/stores/car/store.go:77.16,79.3 1 1
Project/CarDealearship/stores/car/store.go:85.93,88.16 2 1
Project/CarDealearship/stores/car/store.go:92.2,92.18 1 1
Project/CarDealearship/stores/car/store.go:88.16,90.3 1 1
